2025-07-21T03:56:43.692Z  INFO [traceId=,spanId=] 5155 --- [DiscoveryServerApplication] [main] [                                                 ] com.gs.DiscoveryServerApplicationTests   : Starting DiscoveryServerApplicationTests using Java 21.0.7 with PID 5155 (started by codespace in /workspaces/loan-processing-platform/discovery-server)
2025-07-21T03:56:43.713Z DEBUG [traceId=,spanId=] 5155 --- [DiscoveryServerApplication] [main] [                                                 ] com.gs.DiscoveryServerApplicationTests   : Running with Spring Boot v3.5.3, Spring v6.2.8
2025-07-21T03:56:43.715Z  INFO [traceId=,spanId=] 5155 --- [DiscoveryServerApplication] [main] [                                                 ] com.gs.DiscoveryServerApplicationTests   : No active profile set, falling back to 1 default profile: "default"
2025-07-21T03:56:48.853Z  INFO [traceId=,spanId=] 5155 --- [DiscoveryServerApplication] [main] [                                                 ] o.s.cloud.context.scope.GenericScope     : BeanFactory id=32b58058-e0d7-3827-a1ec-99373438eb27
2025-07-21T03:56:50.315Z  INFO [traceId=,spanId=] 5155 --- [DiscoveryServerApplication] [main] [                                                 ] o.s.v.b.OptionalValidatorFactoryBean     : Failed to set up a Bean Validation provider: jakarta.validation.NoProviderFoundException: Unable to create a Configuration, because no Jakarta Bean Validation provider could be found. Add a provider like Hibernate Validator (RI) to your classpath.
2025-07-21T03:56:54.421Z  WARN [traceId=,spanId=] 5155 --- [DiscoveryServerApplication] [main] [                                                 ] iguration$LoadBalancerCaffeineWarnLogger : Spring Cloud LoadBalancer is currently working with the default cache. While this cache implementation is useful for development and tests, it's recommended to use Caffeine cache in production.You can switch to using Caffeine cache, by adding it and org.springframework.cache.caffeine.CaffeineCacheManager to the classpath.
2025-07-21T03:56:54.729Z  INFO [traceId=,spanId=] 5155 --- [DiscoveryServerApplication] [main] [                                                 ] o.s.c.n.eureka.InstanceInfoFactory       : Setting initial instance status as: STARTING
2025-07-21T03:56:54.750Z  INFO [traceId=,spanId=] 5155 --- [DiscoveryServerApplication] [main] [                                                 ] com.netflix.discovery.DiscoveryClient    : Initializing Eureka in region us-east-1
2025-07-21T03:56:54.751Z  INFO [traceId=,spanId=] 5155 --- [DiscoveryServerApplication] [main] [                                                 ] com.netflix.discovery.DiscoveryClient    : Client configured to neither register nor query for data.
2025-07-21T03:56:54.753Z  INFO [traceId=,spanId=] 5155 --- [DiscoveryServerApplication] [main] [                                                 ] com.netflix.discovery.DiscoveryClient    : Discovery Client initialized at timestamp 1753070214752 with initial instances count: 0
2025-07-21T03:56:54.806Z  INFO [traceId=,spanId=] 5155 --- [DiscoveryServerApplication] [main] [                                                 ] c.n.eureka.DefaultEurekaServerContext    : Initializing ...
2025-07-21T03:56:54.808Z  INFO [traceId=,spanId=] 5155 --- [DiscoveryServerApplication] [main] [                                                 ] c.n.eureka.cluster.PeerEurekaNodes       : Adding new peer nodes [http://localhost:8761/eureka/]
2025-07-21T03:56:54.970Z  INFO [traceId=,spanId=] 5155 --- [DiscoveryServerApplication] [main] [                                                 ] c.n.d.provider.DiscoveryJerseyProvider   : Using JSON encoding codec LegacyJacksonJson
2025-07-21T03:56:54.971Z  INFO [traceId=,spanId=] 5155 --- [DiscoveryServerApplication] [main] [                                                 ] c.n.d.provider.DiscoveryJerseyProvider   : Using JSON decoding codec LegacyJacksonJson
2025-07-21T03:56:54.972Z  INFO [traceId=,spanId=] 5155 --- [DiscoveryServerApplication] [main] [                                                 ] c.n.d.provider.DiscoveryJerseyProvider   : Using XML encoding codec XStreamXml
2025-07-21T03:56:54.973Z  INFO [traceId=,spanId=] 5155 --- [DiscoveryServerApplication] [main] [                                                 ] c.n.d.provider.DiscoveryJerseyProvider   : Using XML decoding codec XStreamXml
2025-07-21T03:56:55.206Z  INFO [traceId=,spanId=] 5155 --- [DiscoveryServerApplication] [main] [                                                 ] c.n.eureka.cluster.PeerEurekaNodes       : Replica node URL:  http://localhost:8761/eureka/
2025-07-21T03:56:55.231Z  INFO [traceId=,spanId=] 5155 --- [DiscoveryServerApplication] [main] [                                                 ] c.n.e.registry.AbstractInstanceRegistry  : Finished initializing remote region registries. All known remote regions: []
2025-07-21T03:56:55.232Z  INFO [traceId=,spanId=] 5155 --- [DiscoveryServerApplication] [main] [                                                 ] c.n.eureka.DefaultEurekaServerContext    : Initialized
2025-07-21T03:56:55.429Z  INFO [traceId=,spanId=] 5155 --- [DiscoveryServerApplication] [main] [                                                 ] o.s.b.a.e.web.EndpointLinksResolver      : Exposing 1 endpoint beneath base path '/actuator'
2025-07-21T03:56:55.503Z  INFO [traceId=,spanId=] 5155 --- [DiscoveryServerApplication] [main] [                                                 ] o.s.c.n.e.s.EurekaServiceRegistry        : Registering application DISCOVERYSERVERAPPLICATION with eureka with status UP
2025-07-21T03:56:55.531Z  INFO [traceId=,spanId=] 5155 --- [DiscoveryServerApplication] [Thread-10] [                                                 ] o.s.c.n.e.server.EurekaServerBootstrap   : isAws returned false
2025-07-21T03:56:55.535Z  INFO [traceId=,spanId=] 5155 --- [DiscoveryServerApplication] [Thread-10] [                                                 ] o.s.c.n.e.server.EurekaServerBootstrap   : Initialized server context
2025-07-21T03:56:55.536Z  INFO [traceId=,spanId=] 5155 --- [DiscoveryServerApplication] [Thread-10] [                                                 ] c.n.e.r.PeerAwareInstanceRegistryImpl    : Got 1 instances from neighboring DS node
2025-07-21T03:56:55.536Z  INFO [traceId=,spanId=] 5155 --- [DiscoveryServerApplication] [Thread-10] [                                                 ] c.n.e.r.PeerAwareInstanceRegistryImpl    : Renew threshold is: 1
2025-07-21T03:56:55.536Z  INFO [traceId=,spanId=] 5155 --- [DiscoveryServerApplication] [Thread-10] [                                                 ] c.n.e.r.PeerAwareInstanceRegistryImpl    : Changing status to UP
2025-07-21T03:56:55.541Z  INFO [traceId=,spanId=] 5155 --- [DiscoveryServerApplication] [Thread-10] [                                                 ] e.s.EurekaServerInitializerConfiguration : Started Eureka Server
2025-07-21T03:56:55.551Z  INFO [traceId=,spanId=] 5155 --- [DiscoveryServerApplication] [main] [                                                 ] com.gs.DiscoveryServerApplicationTests   : Started DiscoveryServerApplicationTests in 12.955 seconds (process running for 15.925)
2025-07-21T03:56:56.742Z  INFO [traceId=,spanId=] 5155 --- [DiscoveryServerApplication] [SpringApplicationShutdownHook] [                                                 ] o.s.c.n.e.s.EurekaServiceRegistry        : Unregistering application DISCOVERYSERVERAPPLICATION with eureka with status DOWN
2025-07-21T03:56:56.751Z  INFO [traceId=,spanId=] 5155 --- [DiscoveryServerApplication] [SpringApplicationShutdownHook] [                                                 ] o.s.c.n.e.server.EurekaServerBootstrap   : Shutting down Eureka Server..
2025-07-21T03:56:56.751Z  INFO [traceId=,spanId=] 5155 --- [DiscoveryServerApplication] [SpringApplicationShutdownHook] [                                                 ] c.n.eureka.DefaultEurekaServerContext    : Shutting down ...
2025-07-21T03:56:56.753Z  INFO [traceId=,spanId=] 5155 --- [DiscoveryServerApplication] [SpringApplicationShutdownHook] [                                                 ] c.n.eureka.DefaultEurekaServerContext    : Shut down
2025-07-21T03:56:56.757Z  INFO [traceId=,spanId=] 5155 --- [DiscoveryServerApplication] [SpringApplicationShutdownHook] [                                                 ] o.s.c.n.e.server.EurekaServerBootstrap   : Eureka Service is now shutdown...
2025-07-21T03:56:56.757Z  INFO [traceId=,spanId=] 5155 --- [DiscoveryServerApplication] [SpringApplicationShutdownHook] [                                                 ] c.n.eureka.DefaultEurekaServerContext    : Shutting down ...
2025-07-21T03:56:56.758Z  INFO [traceId=,spanId=] 5155 --- [DiscoveryServerApplication] [SpringApplicationShutdownHook] [                                                 ] c.n.eureka.DefaultEurekaServerContext    : Shut down
2025-07-21T03:56:56.755Z ERROR [traceId=,spanId=] 5155 --- [DiscoveryServerApplication] [Eureka-Jersey3Client-Conn-Cleaner2] [                                                 ] c.n.d.s.t.j.EurekaJersey3ClientImpl      : Cannot clean connections

java.lang.IllegalStateException: Client instance has been closed.
	at org.glassfish.jersey.internal.guava.Preconditions.checkState(Preconditions.java:169) ~[jersey-common-3.1.10.jar:na]
	at org.glassfish.jersey.client.JerseyClient.checkNotClosed(JerseyClient.java:248) ~[jersey-client-3.1.10.jar:na]
	at org.glassfish.jersey.client.JerseyClient.getConfiguration(JerseyClient.java:363) ~[jersey-client-3.1.10.jar:na]
	at org.glassfish.jersey.client.JerseyClient.getConfiguration(JerseyClient.java:54) ~[jersey-client-3.1.10.jar:na]
	at com.netflix.discovery.shared.transport.jersey3.EurekaJersey3ClientImpl$ConnectionCleanerTask.run(EurekaJersey3ClientImpl.java:338) ~[eureka-client-jersey3-2.0.4.jar:2.0.4]
	at java.base/java.util.concurrent.Executors$RunnableAdapter.call(Executors.java:572) ~[na:na]
	at java.base/java.util.concurrent.FutureTask.run(FutureTask.java:317) ~[na:na]
	at java.base/java.util.concurrent.ScheduledThreadPoolExecutor$ScheduledFutureTask.run(ScheduledThreadPoolExecutor.java:304) ~[na:na]
	at java.base/java.util.concurrent.ThreadPoolExecutor.runWorker(ThreadPoolExecutor.java:1144) ~[na:na]
	at java.base/java.util.concurrent.ThreadPoolExecutor$Worker.run(ThreadPoolExecutor.java:642) ~[na:na]
	at java.base/java.lang.Thread.run(Thread.java:1583) ~[na:na]

2025-07-21T03:56:56.783Z  INFO [traceId=,spanId=] 5155 --- [DiscoveryServerApplication] [SpringApplicationShutdownHook] [                                                 ] com.netflix.discovery.DiscoveryClient    : Shutting down DiscoveryClient ...
2025-07-21T03:56:56.788Z  INFO [traceId=,spanId=] 5155 --- [DiscoveryServerApplication] [SpringApplicationShutdownHook] [                                                 ] com.netflix.discovery.DiscoveryClient    : Completed shut down of DiscoveryClient
